[debug] [2025-04-14T20:04:03.990Z] ----------------------------------------------------------------------
[debug] [2025-04-14T20:04:03.993Z] Command:       /nix/store/ixbb20farqh1f4fqbmsn6b1ixn8mc8ij-nodejs-20.18.1/bin/node /nix/store/b9a1wqzb1vkh5xd2mrp196csvbgv8j13-firebase-tools-14.0.1/lib/node_modules/firebase-tools/lib/bin/firebase.js init
[debug] [2025-04-14T20:04:03.994Z] CLI Version:   14.0.1
[debug] [2025-04-14T20:04:03.994Z] Platform:      linux
[debug] [2025-04-14T20:04:03.994Z] Node Version:  v20.18.1
[debug] [2025-04-14T20:04:03.994Z] Time:          Mon Apr 14 2025 20:04:03 GMT+0000 (Coordinated Universal Time)
[debug] [2025-04-14T20:04:03.995Z] ----------------------------------------------------------------------
[debug] 
[debug] [2025-04-14T20:04:04.003Z] > command requires scopes: ["email","openid","https://www.googleapis.com/auth/cloudplatformprojects.readonly","https://www.googleapis.com/auth/firebase","https://www.googleapis.com/auth/cloud-platform"]
[debug] [2025-04-14T20:04:04.003Z] > authorizing via signed-in user (chrisburbank@gmail.com)
[info] 
     ######## #### ########  ######## ########     ###     ######  ########
     ##        ##  ##     ## ##       ##     ##  ##   ##  ##       ##
     ######    ##  ########  ######   ########  #########  ######  ######
     ##        ##  ##    ##  ##       ##     ## ##     ##       ## ##
     ##       #### ##     ## ######## ########  ##     ##  ######  ########

You're about to initialize a Firebase project in this directory:

  /home/user/MoodBuddy

[info] 
=== Project Setup
[info] 
[info] First, let's associate this project directory with a Firebase project.
[info] You can create multiple project aliases by running firebase use --add, 
[info] but for now we'll just set up a default project.
[info] 
[debug] [2025-04-14T20:07:21.727Z] No OAuth tokens found
[debug] [2025-04-14T20:07:21.728Z] No OAuth tokens found
[debug] [2025-04-14T20:07:21.728Z] > command requires scopes: ["email","openid","https://www.googleapis.com/auth/cloudplatformprojects.readonly","https://www.googleapis.com/auth/firebase","https://www.googleapis.com/auth/cloud-platform"]
[debug] [2025-04-14T20:07:21.729Z] > authorizing via signed-in user (chrisburbank@gmail.com)
[debug] [2025-04-14T20:07:21.735Z] >>> [apiv2][query] GET https://firebase.googleapis.com/v1beta1/projects pageSize=100
[debug] [2025-04-14T20:07:22.099Z] <<< [apiv2][status] GET https://firebase.googleapis.com/v1beta1/projects 200
[debug] [2025-04-14T20:07:22.099Z] <<< [apiv2][body] GET https://firebase.googleapis.com/v1beta1/projects [omitted]
